# JRE version: OpenJDK Runtime Environment (8.0_392-b08) (build 1.8.0_392-b08)
# Java VM: OpenJDK 64-Bit Server VM (25.392-b08 mixed mode windows-amd64 compressed oops)
Heap:
 def new generation   total 56512K, used 8915K [0x00000000a2400000, 0x00000000a6150000, 0x00000000c1800000)
  eden space 50240K,  14% used [0x00000000a2400000, 0x00000000a2b59f70, 0x00000000a5510000)
  from space 6272K,  22% used [0x00000000a5b30000, 0x00000000a5c8ad58, 0x00000000a6150000)
  to   space 6272K,   0% used [0x00000000a5510000, 0x00000000a5510000, 0x00000000a5b30000)
 tenured generation   total 125632K, used 11361K [0x00000000c1800000, 0x00000000c92b0000, 0x0000000100000000)
   the space 125632K,   9% used [0x00000000c1800000, 0x00000000c2318460, 0x00000000c2318600, 0x00000000c92b0000)
 Metaspace       used 17317K, capacity 17498K, committed 17792K, reserved 1064960K
  class space    used 1834K, capacity 1889K, committed 1920K, reserved 1048576K
GC Heap History (10 events):
Event: 6.080 GC heap before
{Heap before GC invocations=6 (full 0):
 def new generation   total 56512K, used 54221K [0x00000000a2400000, 0x00000000a6150000, 0x00000000c1800000)
  eden space 50240K, 100% used [0x00000000a2400000, 0x00000000a5510000, 0x00000000a5510000)
  from space 6272K,  63% used [0x00000000a5510000, 0x00000000a58f3428, 0x00000000a5b30000)
  to   space 6272K,   0% used [0x00000000a5b30000, 0x00000000a5b30000, 0x00000000a6150000)
 tenured generation   total 125632K, used 9567K [0x00000000c1800000, 0x00000000c92b0000, 0x0000000100000000)
   the space 125632K,   7% used [0x00000000c1800000, 0x00000000c2157e08, 0x00000000c2158000, 0x00000000c92b0000)
 Metaspace       used 13956K, capacity 14172K, committed 14336K, reserved 1062912K
  class space    used 1472K, capacity 1532K, committed 1536K, reserved 1048576K
Event: 6.088 GC heap after
Heap after GC invocations=7 (full 0):
 def new generation   total 56512K, used 4005K [0x00000000a2400000, 0x00000000a6150000, 0x00000000c1800000)
  eden space 50240K,   0% used [0x00000000a2400000, 0x00000000a2400000, 0x00000000a5510000)
  from space 6272K,  63% used [0x00000000a5b30000, 0x00000000a5f194f0, 0x00000000a6150000)
  to   space 6272K,   0% used [0x00000000a5510000, 0x00000000a5510000, 0x00000000a5b30000)
 tenured generation   total 125632K, used 9729K [0x00000000c1800000, 0x00000000c92b0000, 0x0000000100000000)
   the space 125632K,   7% used [0x00000000c1800000, 0x00000000c21805b8, 0x00000000c2180600, 0x00000000c92b0000)
 Metaspace       used 13956K, capacity 14172K, committed 14336K, reserved 1062912K
  class space    used 1472K, capacity 1532K, committed 1536K, reserved 1048576K
}
Event: 6.579 GC heap before
{Heap before GC invocations=7 (full 0):
 def new generation   total 56512K, used 54245K [0x00000000a2400000, 0x00000000a6150000, 0x00000000c1800000)
  eden space 50240K, 100% used [0x00000000a2400000, 0x00000000a5510000, 0x00000000a5510000)
  from space 6272K,  63% used [0x00000000a5b30000, 0x00000000a5f194f0, 0x00000000a6150000)
  to   space 6272K,   0% used [0x00000000a5510000, 0x00000000a5510000, 0x00000000a5b30000)
 tenured generation   total 125632K, used 9729K [0x00000000c1800000, 0x00000000c92b0000, 0x0000000100000000)
   the space 125632K,   7% used [0x00000000c1800000, 0x00000000c21805b8, 0x00000000c2180600, 0x00000000c92b0000)
 Metaspace       used 13983K, capacity 14172K, committed 14336K, reserved 1062912K
  class space    used 1472K, capacity 1532K, committed 1536K, reserved 1048576K
Event: 6.588 GC heap after
Heap after GC invocations=8 (full 0):
 def new generation   total 56512K, used 4028K [0x00000000a2400000, 0x00000000a6150000, 0x00000000c1800000)
  eden space 50240K,   0% used [0x00000000a2400000, 0x00000000a2400000, 0x00000000a5510000)
  from space 6272K,  64% used [0x00000000a5510000, 0x00000000a58ff2c8, 0x00000000a5b30000)
  to   space 6272K,   0% used [0x00000000a5b30000, 0x00000000a5b30000, 0x00000000a6150000)
 tenured generation   total 125632K, used 9881K [0x00000000c1800000, 0x00000000c92b0000, 0x0000000100000000)
   the space 125632K,   7% used [0x00000000c1800000, 0x00000000c21a65f0, 0x00000000c21a6600, 0x00000000c92b0000)
 Metaspace       used 13983K, capacity 14172K, committed 14336K, reserved 1062912K
  class space    used 1472K, capacity 1532K, committed 1536K, reserved 1048576K
}
Event: 7.331 GC heap before
{Heap before GC invocations=8 (full 0):
 def new generation   total 56512K, used 54268K [0x00000000a2400000, 0x00000000a6150000, 0x00000000c1800000)
  eden space 50240K, 100% used [0x00000000a2400000, 0x00000000a5510000, 0x00000000a5510000)
  from space 6272K,  64% used [0x00000000a5510000, 0x00000000a58ff2c8, 0x00000000a5b30000)
  to   space 6272K,   0% used [0x00000000a5b30000, 0x00000000a5b30000, 0x00000000a6150000)
 tenured generation   total 125632K, used 9881K [0x00000000c1800000, 0x00000000c92b0000, 0x0000000100000000)
   the space 125632K,   7% used [0x00000000c1800000, 0x00000000c21a65f0, 0x00000000c21a6600, 0x00000000c92b0000)
 Metaspace       used 14061K, capacity 14306K, committed 14592K, reserved 1062912K
  class space    used 1473K, capacity 1533K, committed 1536K, reserved 1048576K
Event: 7.339 GC heap after
Heap after GC invocations=9 (full 0):
 def new generation   total 56512K, used 4001K [0x00000000a2400000, 0x00000000a6150000, 0x00000000c1800000)
  eden space 50240K,   0% used [0x00000000a2400000, 0x00000000a2400000, 0x00000000a5510000)
  from space 6272K,  63% used [0x00000000a5b30000, 0x00000000a5f18578, 0x00000000a6150000)
  to   space 6272K,   0% used [0x00000000a5510000, 0x00000000a5510000, 0x00000000a5b30000)
 tenured generation   total 125632K, used 10009K [0x00000000c1800000, 0x00000000c92b0000, 0x0000000100000000)
   the space 125632K,   7% used [0x00000000c1800000, 0x00000000c21c65f8, 0x00000000c21c6600, 0x00000000c92b0000)
 Metaspace       used 14061K, capacity 14306K, committed 14592K, reserved 1062912K
  class space    used 1473K, capacity 1533K, committed 1536K, reserved 1048576K
}
Event: 8.171 GC heap before
{Heap before GC invocations=9 (full 0):
 def new generation   total 56512K, used 54241K [0x00000000a2400000, 0x00000000a6150000, 0x00000000c1800000)
  eden space 50240K, 100% used [0x00000000a2400000, 0x00000000a5510000, 0x00000000a5510000)
  from space 6272K,  63% used [0x00000000a5b30000, 0x00000000a5f18578, 0x00000000a6150000)
  to   space 6272K,   0% used [0x00000000a5510000, 0x00000000a5510000, 0x00000000a5b30000)
 tenured generation   total 125632K, used 10009K [0x00000000c1800000, 0x00000000c92b0000, 0x0000000100000000)
   the space 125632K,   7% used [0x00000000c1800000, 0x00000000c21c65f8, 0x00000000c21c6600, 0x00000000c92b0000)
 Metaspace       used 16234K, capacity 16468K, committed 16640K, reserved 1064960K
  class space    used 1705K, capacity 1760K, committed 1792K, reserved 1048576K
Event: 8.186 GC heap after
Heap after GC invocations=10 (full 0):
 def new generation   total 56512K, used 4925K [0x00000000a2400000, 0x00000000a6150000, 0x00000000c1800000)
  eden space 50240K,   0% used [0x00000000a2400000, 0x00000000a2400000, 0x00000000a5510000)
  from space 6272K,  78% used [0x00000000a5510000, 0x00000000a59df778, 0x00000000a5b30000)
  to   space 6272K,   0% used [0x00000000a5b30000, 0x00000000a5b30000, 0x00000000a6150000)
 tenured generation   total 125632K, used 10180K [0x00000000c1800000, 0x00000000c92b0000, 0x0000000100000000)
   the space 125632K,   8% used [0x00000000c1800000, 0x00000000c21f11d8, 0x00000000c21f1200, 0x00000000c92b0000)
 Metaspace       used 16234K, capacity 16468K, committed 16640K, reserved 1064960K
  class space    used 1705K, capacity 1760K, committed 1792K, reserved 1048576K
}
Event: 8.631 GC heap before
{Heap before GC invocations=10 (full 0):
 def new generation   total 56512K, used 55165K [0x00000000a2400000, 0x00000000a6150000, 0x00000000c1800000)
  eden space 50240K, 100% used [0x00000000a2400000, 0x00000000a5510000, 0x00000000a5510000)
  from space 6272K,  78% used [0x00000000a5510000, 0x00000000a59df778, 0x00000000a5b30000)
  to   space 6272K,   0% used [0x00000000a5b30000, 0x00000000a5b30000, 0x00000000a6150000)
 tenured generation   total 125632K, used 10180K [0x00000000c1800000, 0x00000000c92b0000, 0x0000000100000000)
   the space 125632K,   8% used [0x00000000c1800000, 0x00000000c21f11d8, 0x00000000c21f1200, 0x00000000c92b0000)
 Metaspace       used 17044K, capacity 17274K, committed 17536K, reserved 1064960K
  class space    used 1810K, capacity 1857K, committed 1920K, reserved 1048576K
Event: 8.639 GC heap after
Heap after GC invocations=11 (full 0):
 def new generation   total 56512K, used 1387K [0x00000000a2400000, 0x00000000a6150000, 0x00000000c1800000)
  eden space 50240K,   0% used [0x00000000a2400000, 0x00000000a2400000, 0x00000000a5510000)
  from space 6272K,  22% used [0x00000000a5b30000, 0x00000000a5c8ad58, 0x00000000a6150000)
  to   space 6272K,   0% used [0x00000000a5510000, 0x00000000a5510000, 0x00000000a5b30000)
 tenured generation   total 125632K, used 11361K [0x00000000c1800000, 0x00000000c92b0000, 0x0000000100000000)
   the space 125632K,   9% used [0x00000000c1800000, 0x00000000c2318460, 0x00000000c2318600, 0x00000000c92b0000)
 Metaspace       used 17044K, capacity 17274K, committed 17536K, reserved 1064960K
  class space    used 1810K, capacity 1857K, committed 1920K, reserved 1048576K
}

